<?xml version="1.0" encoding="UTF-8"?>
<!-- Generated by org.testng.reporters.JUnitReportReporter -->
<testsuite hostname="LAPTOP-4CM22U13" failures="0" tests="4" name="IBM_FST.PetStore.UserAPITest" time="8.051" errors="0" timestamp="16 May 2022 18:27:46 GMT" skipped="0">
  <testcase classname="IBM_FST.PetStore.UserAPITest" name="deleteUsers" time="2.109"/>
  <testcase classname="IBM_FST.PetStore.UserAPITest" name="postUsers" time="2.602"/>
  <testcase classname="IBM_FST.PetStore.UserAPITest" name="putUsers" time="1.731"/>
  <testcase classname="IBM_FST.PetStore.UserAPITest" name="getUsers" time="1.609"/>
</testsuite> <!-- IBM_FST.PetStore.UserAPITest -->
