<?xml version="1.0" encoding="UTF-8"?>
<!-- Generated by org.testng.reporters.JUnitReportReporter -->
<testsuite hostname="LAPTOP-4CM22U13" failures="0" tests="4" name="IBM_FST.PetStore.UserApiJsonFileTest" time="10.536" errors="0" timestamp="18 May 2022 05:23:09 GMT" skipped="0">
  <testcase classname="IBM_FST.PetStore.UserApiJsonFileTest" name="putUsers" time="2.185"/>
  <testcase classname="IBM_FST.PetStore.UserApiJsonFileTest" name="getUsers" time="2.993"/>
  <testcase classname="IBM_FST.PetStore.UserApiJsonFileTest" name="deleteUsers" time="1.972"/>
  <testcase classname="IBM_FST.PetStore.UserApiJsonFileTest" name="postUsers" time="3.386"/>
</testsuite> <!-- IBM_FST.PetStore.UserApiJsonFileTest -->
