<?xml version="1.0" encoding="UTF-8"?>
<!-- Generated by org.testng.reporters.JUnitReportReporter -->
<testsuite hostname="LAPTOP-4CM22U13" failures="0" tests="4" name="IBM_FST.PetStore.UserAPIJsonStringTest" time="7.154" errors="0" timestamp="18 May 2022 05:23:09 GMT" skipped="0">
  <testcase classname="IBM_FST.PetStore.UserAPIJsonStringTest" name="deleteUsers" time="1.783"/>
  <testcase classname="IBM_FST.PetStore.UserAPIJsonStringTest" name="putUsers" time="1.687"/>
  <testcase classname="IBM_FST.PetStore.UserAPIJsonStringTest" name="getUsers" time="1.730"/>
  <testcase classname="IBM_FST.PetStore.UserAPIJsonStringTest" name="postUsers" time="1.954"/>
</testsuite> <!-- IBM_FST.PetStore.UserAPIJsonStringTest -->
