<?xml version="1.0" encoding="UTF-8"?>
<!-- Generated by org.testng.reporters.JUnitReportReporter -->
<testsuite hostname="LAPTOP-4CM22U13" failures="0" tests="6" name="IBM_FST.PetStore.testClass" time="0.309" errors="0" timestamp="18 May 2022 05:08:17 GMT" skipped="0">
  <testcase classname="IBM_FST.PetStore.testClass" name="getUsers" time="0.025"/>
  <testcase classname="IBM_FST.PetStore.testClass" name="postUsers" time="0.098"/>
  <testcase classname="IBM_FST.PetStore.testClass" name="postUsers_googlejson_request" time="0.044"/>
  <testcase classname="IBM_FST.PetStore.testClass" name="postUsersWithDataProvider" time="0.047"/>
  <testcase classname="IBM_FST.PetStore.testClass" name="postUsersWithDataProvider" time="0.045"/>
  <testcase classname="IBM_FST.PetStore.testClass" name="postUsersWithDataProvider" time="0.050"/>
</testsuite> <!-- IBM_FST.PetStore.testClass -->
