<?xml version="1.0" encoding="UTF-8"?>
<!-- Generated by org.testng.reporters.JUnitReportReporter -->
<testsuite hostname="LAPTOP-4CM22U13" failures="0" tests="4" name="IBM_FST.PetStore.UserApiNegativeTest" time="8.402" errors="0" timestamp="18 May 2022 05:23:09 GMT" skipped="0">
  <testcase classname="IBM_FST.PetStore.UserApiNegativeTest" name="deleteUsers" time="1.921"/>
  <testcase classname="IBM_FST.PetStore.UserApiNegativeTest" name="getUsers" time="2.409"/>
  <testcase classname="IBM_FST.PetStore.UserApiNegativeTest" name="putUsers" time="2.222"/>
  <testcase classname="IBM_FST.PetStore.UserApiNegativeTest" name="postUsers" time="1.850"/>
</testsuite> <!-- IBM_FST.PetStore.UserApiNegativeTest -->
