<?xml version="1.0" encoding="UTF-8"?>
<!-- Generated by org.testng.reporters.JUnitReportReporter -->
<testsuite hostname="LAPTOP-4CM22U13" failures="0" tests="3" name="IBM_FST.Restassured_Project.testClass" time="1.160" errors="0" timestamp="13 May 2022 05:07:46 GMT" skipped="0">
  <testcase classname="IBM_FST.Restassured_Project.testClass" name="postUsersWithDataProvider" time="1.045"/>
  <testcase classname="IBM_FST.Restassured_Project.testClass" name="postUsersWithDataProvider" time="0.052"/>
  <testcase classname="IBM_FST.Restassured_Project.testClass" name="postUsersWithDataProvider" time="0.063"/>
</testsuite> <!-- IBM_FST.Restassured_Project.testClass -->
